0 info it worked if it ends with ok
1 verbose cli [ 'C:\\Program Files\\nodejs\\node.exe',
1 verbose cli   'C:\\Program Files\\nodejs\\node_modules\\npm\\bin\\npm-cli.js',
1 verbose cli   'install' ]
2 info using npm@3.10.8
3 info using node@v6.9.1
4 silly loadCurrentTree Starting
5 silly install loadCurrentTree
6 silly install readLocalPackageData
7 silly install normalizeTree
8 silly loadCurrentTree Finishing
9 silly loadIdealTree Starting
10 silly install loadIdealTree
11 silly cloneCurrentTree Starting
12 silly install cloneCurrentTreeToIdealTree
13 silly cloneCurrentTree Finishing
14 silly loadShrinkwrap Starting
15 silly install loadShrinkwrap
16 silly loadShrinkwrap Finishing
17 silly loadAllDepsIntoIdealTree Starting
18 silly install loadAllDepsIntoIdealTree
19 silly loadAllDepsIntoIdealTree Finishing
20 silly loadIdealTree Finishing
21 silly currentTree cms_core@1.0.0
21 silly currentTree +-- accepts@1.0.7
21 silly currentTree +-- angular-sanitize@1.3.20
21 silly currentTree +-- angular-ui-router@0.2.18
21 silly currentTree +-- angular@1.3.20
21 silly currentTree +-- body-parser@1.15.2
21 silly currentTree | +-- debug@2.2.0
21 silly currentTree | +-- depd@1.1.0
21 silly currentTree | +-- media-typer@0.3.0
21 silly currentTree | +-- mime-types@2.1.13
21 silly currentTree | +-- ms@0.7.1
21 silly currentTree | +-- qs@6.2.0
21 silly currentTree | `-- type-is@1.6.14
21 silly currentTree +-- bootstrap@3.3.7
21 silly currentTree +-- bower@1.8.0
21 silly currentTree +-- buffer-crc32@0.2.3
21 silly currentTree +-- bytes@2.4.0
21 silly currentTree +-- content-type@1.0.2
21 silly currentTree +-- cookie-parser@1.4.3
21 silly currentTree | +-- cookie-signature@1.0.6
21 silly currentTree | `-- cookie@0.3.1
21 silly currentTree +-- cookie-signature@1.0.4
21 silly currentTree +-- cookie@0.1.2
21 silly currentTree +-- debug@1.0.2
21 silly currentTree +-- depd@0.3.0
21 silly currentTree +-- ee-first@1.0.3
21 silly currentTree +-- ejs@2.5.3
21 silly currentTree +-- escape-html@1.0.1
21 silly currentTree +-- express@4.5.1
21 silly currentTree +-- finalhandler@0.0.2
21 silly currentTree +-- finished@1.2.2
21 silly currentTree +-- font-awesome@4.2.0
21 silly currentTree +-- fresh@0.2.2
21 silly currentTree +-- http-errors@1.5.1
21 silly currentTree +-- iconv-lite@0.4.13
21 silly currentTree +-- image-size@0.5.0
21 silly currentTree +-- imagemagick@0.1.3
21 silly currentTree +-- inherits@2.0.3
21 silly currentTree +-- ipaddr.js@0.1.2
21 silly currentTree +-- jquery@1.11.3
21 silly currentTree +-- media-typer@0.2.0
21 silly currentTree +-- merge-descriptors@0.0.2
21 silly currentTree +-- methods@1.0.1
21 silly currentTree +-- mime-db@1.25.0
21 silly currentTree +-- mime-types@1.0.2
21 silly currentTree +-- mime@1.2.11
21 silly currentTree +-- ms@0.6.2
21 silly currentTree +-- negotiator@0.4.7
21 silly currentTree +-- oauth@0.9.14
21 silly currentTree +-- on-finished@2.3.0
21 silly currentTree | `-- ee-first@1.1.1
21 silly currentTree +-- parseurl@1.0.1
21 silly currentTree +-- passport-facebook@2.1.1
21 silly currentTree +-- passport-google-oauth@1.0.0
21 silly currentTree +-- passport-google-oauth1@1.0.0
21 silly currentTree +-- passport-google-oauth20@1.0.0
21 silly currentTree +-- passport-local@1.0.0
21 silly currentTree +-- passport-oauth1@1.1.0
21 silly currentTree +-- passport-oauth2@1.3.0
21 silly currentTree +-- passport-strategy@1.0.0
21 silly currentTree +-- passport@0.3.2
21 silly currentTree +-- path-to-regexp@0.1.2
21 silly currentTree +-- pause@0.0.1
21 silly currentTree +-- proxy-addr@1.0.1
21 silly currentTree +-- qs@0.6.6
21 silly currentTree +-- range-parser@1.0.0
21 silly currentTree +-- raw-body@2.1.7
21 silly currentTree +-- send@0.5.0
21 silly currentTree +-- serve-static@1.3.2
21 silly currentTree | +-- debug@1.0.3
21 silly currentTree | +-- parseurl@1.1.3
21 silly currentTree | `-- send@0.6.0
21 silly currentTree +-- setprototypeof@1.0.2
21 silly currentTree +-- statuses@1.3.1
21 silly currentTree +-- type-is@1.3.2
21 silly currentTree +-- uid2@0.0.3
21 silly currentTree +-- unpipe@1.0.0
21 silly currentTree +-- utils-merge@1.0.0
21 silly currentTree `-- vary@0.1.0
22 silly idealTree cms_core@1.0.0
22 silly idealTree +-- accepts@1.0.7
22 silly idealTree +-- angular-sanitize@1.3.20
22 silly idealTree +-- angular-ui-router@0.2.18
22 silly idealTree +-- angular@1.3.20
22 silly idealTree +-- body-parser@1.15.2
22 silly idealTree | +-- debug@2.2.0
22 silly idealTree | +-- depd@1.1.0
22 silly idealTree | +-- media-typer@0.3.0
22 silly idealTree | +-- mime-types@2.1.13
22 silly idealTree | +-- ms@0.7.1
22 silly idealTree | +-- qs@6.2.0
22 silly idealTree | `-- type-is@1.6.14
22 silly idealTree +-- bootstrap@3.3.7
22 silly idealTree +-- bower@1.8.0
22 silly idealTree +-- buffer-crc32@0.2.3
22 silly idealTree +-- bytes@2.4.0
22 silly idealTree +-- content-type@1.0.2
22 silly idealTree +-- cookie-parser@1.4.3
22 silly idealTree | +-- cookie-signature@1.0.6
22 silly idealTree | `-- cookie@0.3.1
22 silly idealTree +-- cookie-signature@1.0.4
22 silly idealTree +-- cookie@0.1.2
22 silly idealTree +-- debug@1.0.2
22 silly idealTree +-- depd@0.3.0
22 silly idealTree +-- ee-first@1.0.3
22 silly idealTree +-- ejs@2.5.3
22 silly idealTree +-- escape-html@1.0.1
22 silly idealTree +-- express@4.5.1
22 silly idealTree +-- finalhandler@0.0.2
22 silly idealTree +-- finished@1.2.2
22 silly idealTree +-- font-awesome@4.2.0
22 silly idealTree +-- fresh@0.2.2
22 silly idealTree +-- http-errors@1.5.1
22 silly idealTree +-- iconv-lite@0.4.13
22 silly idealTree +-- image-size@0.5.0
22 silly idealTree +-- imagemagick@0.1.3
22 silly idealTree +-- inherits@2.0.3
22 silly idealTree +-- ipaddr.js@0.1.2
22 silly idealTree +-- jquery@1.11.3
22 silly idealTree +-- media-typer@0.2.0
22 silly idealTree +-- merge-descriptors@0.0.2
22 silly idealTree +-- methods@1.0.1
22 silly idealTree +-- mime-db@1.25.0
22 silly idealTree +-- mime-types@1.0.2
22 silly idealTree +-- mime@1.2.11
22 silly idealTree +-- ms@0.6.2
22 silly idealTree +-- negotiator@0.4.7
22 silly idealTree +-- oauth@0.9.14
22 silly idealTree +-- on-finished@2.3.0
22 silly idealTree | `-- ee-first@1.1.1
22 silly idealTree +-- parseurl@1.0.1
22 silly idealTree +-- passport-facebook@2.1.1
22 silly idealTree +-- passport-google-oauth@1.0.0
22 silly idealTree +-- passport-google-oauth1@1.0.0
22 silly idealTree +-- passport-google-oauth20@1.0.0
22 silly idealTree +-- passport-local@1.0.0
22 silly idealTree +-- passport-oauth1@1.1.0
22 silly idealTree +-- passport-oauth2@1.3.0
22 silly idealTree +-- passport-strategy@1.0.0
22 silly idealTree +-- passport@0.3.2
22 silly idealTree +-- path-to-regexp@0.1.2
22 silly idealTree +-- pause@0.0.1
22 silly idealTree +-- proxy-addr@1.0.1
22 silly idealTree +-- qs@0.6.6
22 silly idealTree +-- range-parser@1.0.0
22 silly idealTree +-- raw-body@2.1.7
22 silly idealTree +-- send@0.5.0
22 silly idealTree +-- serve-static@1.3.2
22 silly idealTree | +-- debug@1.0.3
22 silly idealTree | +-- parseurl@1.1.3
22 silly idealTree | `-- send@0.6.0
22 silly idealTree +-- setprototypeof@1.0.2
22 silly idealTree +-- statuses@1.3.1
22 silly idealTree +-- type-is@1.3.2
22 silly idealTree +-- uid2@0.0.3
22 silly idealTree +-- unpipe@1.0.0
22 silly idealTree +-- utils-merge@1.0.0
22 silly idealTree `-- vary@0.1.0
23 silly generateActionsToTake Starting
24 silly install generateActionsToTake
25 silly generateActionsToTake Finishing
26 silly diffTrees action count 0
27 silly decomposeActions action count 0
28 silly runTopLevelLifecycles Starting
29 silly install runPreinstallTopLevelLifecycles
30 silly preinstall cms_core@1.0.0 C:\Users\TRUONG\Desktop\cms_core\cms_core-c98eacd6
31 info lifecycle cms_core@1.0.0~preinstall: cms_core@1.0.0
32 silly lifecycle cms_core@1.0.0~preinstall: no script for preinstall, continuing
33 silly executeActions Starting
34 silly install executeActions
35 silly doSerial global-install 0
36 silly doParallel fetch 0
37 verbose correctMkdir C:\Users\TRUONG\AppData\Roaming\npm-cache\_locks correctMkdir not in flight; initializing
38 verbose lock using C:\Users\TRUONG\AppData\Roaming\npm-cache\_locks\staging-399f90532078cff8.lock for C:\Users\TRUONG\Desktop\cms_core\node_modules\.staging
39 silly doParallel extract 0
40 silly doParallel preinstall 0
41 silly doReverseSerial remove 0
42 silly doSerial move 0
43 silly doSerial finalize 0
44 silly doSerial build 0
45 silly doSerial global-link 0
46 silly doParallel update-linked 0
47 silly doSerial install 0
48 silly doSerial postinstall 0
49 verbose unlock done using C:\Users\TRUONG\AppData\Roaming\npm-cache\_locks\staging-399f90532078cff8.lock for C:\Users\TRUONG\Desktop\cms_core\node_modules\.staging
50 silly executeActions Finishing
51 silly rollbackFailedOptional Starting
52 silly rollbackFailedOptional Finishing
53 silly install runPostinstallTopLevelLifecycles
54 silly build cms_core@1.0.0
55 info linkStuff cms_core@1.0.0
56 silly linkStuff cms_core@1.0.0 has C:\Users\TRUONG\Desktop as its parent node_modules
57 verbose linkBins cms_core@1.0.0
58 verbose linkMans cms_core@1.0.0
59 silly install cms_core@1.0.0 C:\Users\TRUONG\Desktop\cms_core\cms_core-c98eacd6
60 info lifecycle cms_core@1.0.0~install: cms_core@1.0.0
61 silly lifecycle cms_core@1.0.0~install: no script for install, continuing
62 silly postinstall cms_core@1.0.0 C:\Users\TRUONG\Desktop\cms_core\cms_core-c98eacd6
63 info lifecycle cms_core@1.0.0~postinstall: cms_core@1.0.0
64 verbose lifecycle cms_core@1.0.0~postinstall: unsafe-perm in lifecycle true
65 verbose lifecycle cms_core@1.0.0~postinstall: PATH: C:\Program Files\nodejs\node_modules\npm\bin\node-gyp-bin;C:\Users\TRUONG\Desktop\cms_core\node_modules\.bin;C:\Users\TRUONG\bin;C:\Program Files\Git\mingw64\bin;C:\Program Files\Git\usr\local\bin;C:\Program Files\Git\usr\bin;C:\Program Files\Git\usr\bin;C:\Program Files\Git\mingw64\bin;C:\Program Files\Git\usr\bin;C:\Users\TRUONG\bin;C:\Windows\system32;C:\Windows;C:\Windows\System32\Wbem;C:\Windows\System32\WindowsPowerShell\v1.0;C:\Program Files (x86)\Skype\Phone;C:\Program Files\Microsoft SQL Server\120\DTS\Binn;C:\Program Files\Microsoft SQL Server\Client SDK\ODBC\110\Tools\Binn;C:\Program Files (x86)\Microsoft SQL Server\120\Tools\Binn;C:\Program Files\Microsoft SQL Server\120\Tools\Binn;C:\Program Files (x86)\Microsoft SQL Server\120\Tools\Binn\ManagementStudio;C:\Program Files (x86)\Microsoft SQL Server\120\DTS\Binn;C:\Program Files (x86)\Windows Kits\8.1\Windows Performance Toolkit;C:\Program Files\Microsoft SQL Server\110\Tools\Binn;C:\Program Files\TortoiseSVN\bin;C:\Program Files (x86)\VisualSVN\bin;C:\Program Files\nodejs;C:\Program Files\TortoiseGit\bin;C:\Program Files\Git\cmd;C:\Users\TRUONG\AppData\Roaming\npm;C:\Program Files (x86)\Microsoft VS Code\bin;C:\Users\TRUONG\AppData\Local\atom\bin;C:\Program Files\Git\usr\bin\vendor_perl;C:\Program Files\Git\usr\bin\core_perl
66 verbose lifecycle cms_core@1.0.0~postinstall: CWD: C:\Users\TRUONG\Desktop\cms_core
67 silly lifecycle cms_core@1.0.0~postinstall: Args: [ '/d /s /c', 'bower install' ]
68 silly lifecycle cms_core@1.0.0~postinstall: Returned: code: 1  signal: null
69 info lifecycle cms_core@1.0.0~postinstall: Failed to exec postinstall script
70 verbose stack Error: cms_core@1.0.0 postinstall: `bower install`
70 verbose stack Exit status 1
70 verbose stack     at EventEmitter.<anonymous> (C:\Program Files\nodejs\node_modules\npm\lib\utils\lifecycle.js:255:16)
70 verbose stack     at emitTwo (events.js:106:13)
70 verbose stack     at EventEmitter.emit (events.js:191:7)
70 verbose stack     at ChildProcess.<anonymous> (C:\Program Files\nodejs\node_modules\npm\lib\utils\spawn.js:40:14)
70 verbose stack     at emitTwo (events.js:106:13)
70 verbose stack     at ChildProcess.emit (events.js:191:7)
70 verbose stack     at maybeClose (internal/child_process.js:877:16)
70 verbose stack     at Process.ChildProcess._handle.onexit (internal/child_process.js:226:5)
71 verbose pkgid cms_core@1.0.0
72 verbose cwd C:\Users\TRUONG\Desktop\cms_core
73 error Windows_NT 6.3.9600
74 error argv "C:\\Program Files\\nodejs\\node.exe" "C:\\Program Files\\nodejs\\node_modules\\npm\\bin\\npm-cli.js" "install"
75 error node v6.9.1
76 error npm  v3.10.8
77 error code ELIFECYCLE
78 error cms_core@1.0.0 postinstall: `bower install`
78 error Exit status 1
79 error Failed at the cms_core@1.0.0 postinstall script 'bower install'.
79 error Make sure you have the latest version of node.js and npm installed.
79 error If you do, this is most likely a problem with the cms_core package,
79 error not with npm itself.
79 error Tell the author that this fails on your system:
79 error     bower install
79 error You can get information on how to open an issue for this project with:
79 error     npm bugs cms_core
79 error Or if that isn't available, you can get their info via:
79 error     npm owner ls cms_core
79 error There is likely additional logging output above.
80 verbose exit [ 1, true ]
